<?xml version="1.0" encoding="UTF-8"?>
<Site BuildName="Win32-MSBuild"
	BuildStamp="20250222-1944-Experimental"
	Name="DESKTOP-VMORD8T"
	Generator="ctest-4.0.0-rc1"
	CompilerName="C:/Program Files/Microsoft Visual Studio/2022/Community/VC/Tools/MSVC/14.43.34808/bin/Hostx86/x86/cl.exe"
	CompilerVersion="19.43.34808.0"
	OSName="Windows"
	Hostname="DESKTOP-VMORD8T"
	OSRelease=" Personal"
	OSVersion=" (Build 26100)"
	OSPlatform="AMD64"
	Is64Bits="1"
	VendorString="GenuineIntel"
	VendorID="Intel Corporation"
	FamilyID="6"
	ModelID="15"
	ModelName=""
	ProcessorCacheSize="-1"
	NumberOfLogicalCPU="16"
	NumberOfPhysicalCPU="10"
	TotalVirtualMemory="27487"
	TotalPhysicalMemory="16223"
	LogicalProcessorsPerPhysical="1"
	ProcessorClockFrequency="2496"
	>
	<Testing>
		<StartDateTime>Feb 23 00:28 FLE Standard Time</StartDateTime>
		<StartTestTime>1740263302</StartTestTime>
		<TestList/>
		<EndDateTime>Feb 23 00:28 FLE Standard Time</EndDateTime>
		<EndTestTime>1740263302</EndTestTime>
		<ElapsedMinutes>0</ElapsedMinutes>
	</Testing>
</Site>
